<?xml version="1.0" encoding="UTF-8"?>
<!-- Generated by org.testng.reporters.JUnitXMLReporter -->
<testsuite ignored="0" hostname="Mukesh_Jhorar" failures="0" tests="6" name="Extent_Test" time="48.937" errors="0" timestamp="2022-06-28T08:11:07 IST">
  <testcase classname="testCases.LoginTC" name="login" time="17.423"/>
  <testcase classname="testCases.LoginTC" name="logout" time="2.327"/>
  <testcase classname="testCases.LoginTC" name="popupHandle" time="11.794"/>
  <testcase classname="testCases.DropDownRadioButtonCheckBoxTC" name="handleDropDown" time="16.282"/>
  <testcase classname="testCases.DropDownRadioButtonCheckBoxTC" name="handleRadioButton" time="0.392"/>
  <testcase classname="testCases.DropDownRadioButtonCheckBoxTC" name="selectCheckBox" time="0.649"/>
</testsuite> <!-- Extent_Test -->
